Files already downloaded and verified
Files already downloaded and verified
Epoch 0
[,     1] loss: 2.418 time: 1.040
module.layers.0.weight: torch.Size([64, 3, 3, 3]), gradient size: torch.Size([64, 3, 3, 3])
module.layers.0.bias: torch.Size([64]), gradient size: torch.Size([64])
module.layers.1.weight: torch.Size([64]), gradient size: torch.Size([64])
module.layers.1.bias: torch.Size([64]), gradient size: torch.Size([64])
module.layers.4.weight: torch.Size([128, 64, 3, 3]), gradient size: torch.Size([128, 64, 3, 3])
module.layers.4.bias: torch.Size([128]), gradient size: torch.Size([128])
module.layers.5.weight: torch.Size([128]), gradient size: torch.Size([128])
module.layers.5.bias: torch.Size([128]), gradient size: torch.Size([128])
module.layers.8.weight: torch.Size([256, 128, 3, 3]), gradient size: torch.Size([256, 128, 3, 3])
module.layers.8.bias: torch.Size([256]), gradient size: torch.Size([256])
module.layers.9.weight: torch.Size([256]), gradient size: torch.Size([256])
module.layers.9.bias: torch.Size([256]), gradient size: torch.Size([256])
module.layers.11.weight: torch.Size([256, 256, 3, 3]), gradient size: torch.Size([256, 256, 3, 3])
module.layers.11.bias: torch.Size([256]), gradient size: torch.Size([256])
module.layers.12.weight: torch.Size([256]), gradient size: torch.Size([256])
module.layers.12.bias: torch.Size([256]), gradient size: torch.Size([256])
module.layers.15.weight: torch.Size([512, 256, 3, 3]), gradient size: torch.Size([512, 256, 3, 3])
module.layers.15.bias: torch.Size([512]), gradient size: torch.Size([512])
module.layers.16.weight: torch.Size([512]), gradient size: torch.Size([512])
module.layers.16.bias: torch.Size([512]), gradient size: torch.Size([512])
module.layers.18.weight: torch.Size([512, 512, 3, 3]), gradient size: torch.Size([512, 512, 3, 3])
module.layers.18.bias: torch.Size([512]), gradient size: torch.Size([512])
module.layers.19.weight: torch.Size([512]), gradient size: torch.Size([512])
module.layers.19.bias: torch.Size([512]), gradient size: torch.Size([512])
module.layers.22.weight: torch.Size([512, 512, 3, 3]), gradient size: torch.Size([512, 512, 3, 3])
module.layers.22.bias: torch.Size([512]), gradient size: torch.Size([512])
module.layers.23.weight: torch.Size([512]), gradient size: torch.Size([512])
module.layers.23.bias: torch.Size([512]), gradient size: torch.Size([512])
module.layers.25.weight: torch.Size([512, 512, 3, 3]), gradient size: torch.Size([512, 512, 3, 3])
module.layers.25.bias: torch.Size([512]), gradient size: torch.Size([512])
module.layers.26.weight: torch.Size([512]), gradient size: torch.Size([512])
module.layers.26.bias: torch.Size([512]), gradient size: torch.Size([512])
module.fc1.weight: torch.Size([10, 512]), gradient size: torch.Size([10, 512])
module.fc1.bias: torch.Size([10]), gradient size: torch.Size([10])
[,    40] loss: 4.963 time: 29.009
module.layers.0.weight: torch.Size([64, 3, 3, 3]), gradient size: torch.Size([64, 3, 3, 3])
module.layers.0.bias: torch.Size([64]), gradient size: torch.Size([64])
module.layers.1.weight: torch.Size([64]), gradient size: torch.Size([64])
module.layers.1.bias: torch.Size([64]), gradient size: torch.Size([64])
module.layers.4.weight: torch.Size([128, 64, 3, 3]), gradient size: torch.Size([128, 64, 3, 3])
module.layers.4.bias: torch.Size([128]), gradient size: torch.Size([128])
module.layers.5.weight: torch.Size([128]), gradient size: torch.Size([128])
module.layers.5.bias: torch.Size([128]), gradient size: torch.Size([128])
module.layers.8.weight: torch.Size([256, 128, 3, 3]), gradient size: torch.Size([256, 128, 3, 3])
module.layers.8.bias: torch.Size([256]), gradient size: torch.Size([256])
module.layers.9.weight: torch.Size([256]), gradient size: torch.Size([256])
module.layers.9.bias: torch.Size([256]), gradient size: torch.Size([256])
module.layers.11.weight: torch.Size([256, 256, 3, 3]), gradient size: torch.Size([256, 256, 3, 3])
module.layers.11.bias: torch.Size([256]), gradient size: torch.Size([256])
module.layers.12.weight: torch.Size([256]), gradient size: torch.Size([256])
module.layers.12.bias: torch.Size([256]), gradient size: torch.Size([256])
module.layers.15.weight: torch.Size([512, 256, 3, 3]), gradient size: torch.Size([512, 256, 3, 3])
module.layers.15.bias: torch.Size([512]), gradient size: torch.Size([512])
module.layers.16.weight: torch.Size([512]), gradient size: torch.Size([512])
module.layers.16.bias: torch.Size([512]), gradient size: torch.Size([512])
module.layers.18.weight: torch.Size([512, 512, 3, 3]), gradient size: torch.Size([512, 512, 3, 3])
module.layers.18.bias: torch.Size([512]), gradient size: torch.Size([512])
module.layers.19.weight: torch.Size([512]), gradient size: torch.Size([512])
module.layers.19.bias: torch.Size([512]), gradient size: torch.Size([512])
module.layers.22.weight: torch.Size([512, 512, 3, 3]), gradient size: torch.Size([512, 512, 3, 3])
module.layers.22.bias: torch.Size([512]), gradient size: torch.Size([512])
module.layers.23.weight: torch.Size([512]), gradient size: torch.Size([512])
module.layers.23.bias: torch.Size([512]), gradient size: torch.Size([512])
module.layers.25.weight: torch.Size([512, 512, 3, 3]), gradient size: torch.Size([512, 512, 3, 3])
module.layers.25.bias: torch.Size([512]), gradient size: torch.Size([512])
module.layers.26.weight: torch.Size([512]), gradient size: torch.Size([512])
module.layers.26.bias: torch.Size([512]), gradient size: torch.Size([512])
module.fc1.weight: torch.Size([10, 512]), gradient size: torch.Size([10, 512])
module.fc1.bias: torch.Size([10]), gradient size: torch.Size([10])
[,    80] loss: 7.169 time: 56.939
module.layers.0.weight: torch.Size([64, 3, 3, 3]), gradient size: torch.Size([64, 3, 3, 3])
module.layers.0.bias: torch.Size([64]), gradient size: torch.Size([64])
module.layers.1.weight: torch.Size([64]), gradient size: torch.Size([64])
module.layers.1.bias: torch.Size([64]), gradient size: torch.Size([64])
module.layers.4.weight: torch.Size([128, 64, 3, 3]), gradient size: torch.Size([128, 64, 3, 3])
module.layers.4.bias: torch.Size([128]), gradient size: torch.Size([128])
module.layers.5.weight: torch.Size([128]), gradient size: torch.Size([128])
module.layers.5.bias: torch.Size([128]), gradient size: torch.Size([128])
module.layers.8.weight: torch.Size([256, 128, 3, 3]), gradient size: torch.Size([256, 128, 3, 3])
module.layers.8.bias: torch.Size([256]), gradient size: torch.Size([256])
module.layers.9.weight: torch.Size([256]), gradient size: torch.Size([256])
module.layers.9.bias: torch.Size([256]), gradient size: torch.Size([256])
module.layers.11.weight: torch.Size([256, 256, 3, 3]), gradient size: torch.Size([256, 256, 3, 3])
module.layers.11.bias: torch.Size([256]), gradient size: torch.Size([256])
module.layers.12.weight: torch.Size([256]), gradient size: torch.Size([256])
module.layers.12.bias: torch.Size([256]), gradient size: torch.Size([256])
module.layers.15.weight: torch.Size([512, 256, 3, 3]), gradient size: torch.Size([512, 256, 3, 3])
module.layers.15.bias: torch.Size([512]), gradient size: torch.Size([512])
module.layers.16.weight: torch.Size([512]), gradient size: torch.Size([512])
module.layers.16.bias: torch.Size([512]), gradient size: torch.Size([512])
module.layers.18.weight: torch.Size([512, 512, 3, 3]), gradient size: torch.Size([512, 512, 3, 3])
module.layers.18.bias: torch.Size([512]), gradient size: torch.Size([512])
module.layers.19.weight: torch.Size([512]), gradient size: torch.Size([512])
module.layers.19.bias: torch.Size([512]), gradient size: torch.Size([512])
module.layers.22.weight: torch.Size([512, 512, 3, 3]), gradient size: torch.Size([512, 512, 3, 3])
module.layers.22.bias: torch.Size([512]), gradient size: torch.Size([512])
module.layers.23.weight: torch.Size([512]), gradient size: torch.Size([512])
module.layers.23.bias: torch.Size([512]), gradient size: torch.Size([512])
module.layers.25.weight: torch.Size([512, 512, 3, 3]), gradient size: torch.Size([512, 512, 3, 3])
module.layers.25.bias: torch.Size([512]), gradient size: torch.Size([512])
module.layers.26.weight: torch.Size([512]), gradient size: torch.Size([512])
module.layers.26.bias: torch.Size([512]), gradient size: torch.Size([512])
module.fc1.weight: torch.Size([10, 512]), gradient size: torch.Size([10, 512])
module.fc1.bias: torch.Size([10]), gradient size: torch.Size([10])
[,   120] loss: 9.458 time: 84.305
module.layers.0.weight: torch.Size([64, 3, 3, 3]), gradient size: torch.Size([64, 3, 3, 3])
module.layers.0.bias: torch.Size([64]), gradient size: torch.Size([64])
module.layers.1.weight: torch.Size([64]), gradient size: torch.Size([64])
module.layers.1.bias: torch.Size([64]), gradient size: torch.Size([64])
module.layers.4.weight: torch.Size([128, 64, 3, 3]), gradient size: torch.Size([128, 64, 3, 3])
module.layers.4.bias: torch.Size([128]), gradient size: torch.Size([128])
module.layers.5.weight: torch.Size([128]), gradient size: torch.Size([128])
module.layers.5.bias: torch.Size([128]), gradient size: torch.Size([128])
module.layers.8.weight: torch.Size([256, 128, 3, 3]), gradient size: torch.Size([256, 128, 3, 3])
module.layers.8.bias: torch.Size([256]), gradient size: torch.Size([256])
module.layers.9.weight: torch.Size([256]), gradient size: torch.Size([256])
module.layers.9.bias: torch.Size([256]), gradient size: torch.Size([256])
module.layers.11.weight: torch.Size([256, 256, 3, 3]), gradient size: torch.Size([256, 256, 3, 3])
module.layers.11.bias: torch.Size([256]), gradient size: torch.Size([256])
module.layers.12.weight: torch.Size([256]), gradient size: torch.Size([256])
module.layers.12.bias: torch.Size([256]), gradient size: torch.Size([256])
module.layers.15.weight: torch.Size([512, 256, 3, 3]), gradient size: torch.Size([512, 256, 3, 3])
module.layers.15.bias: torch.Size([512]), gradient size: torch.Size([512])
module.layers.16.weight: torch.Size([512]), gradient size: torch.Size([512])
module.layers.16.bias: torch.Size([512]), gradient size: torch.Size([512])
module.layers.18.weight: torch.Size([512, 512, 3, 3]), gradient size: torch.Size([512, 512, 3, 3])
module.layers.18.bias: torch.Size([512]), gradient size: torch.Size([512])
module.layers.19.weight: torch.Size([512]), gradient size: torch.Size([512])
module.layers.19.bias: torch.Size([512]), gradient size: torch.Size([512])
module.layers.22.weight: torch.Size([512, 512, 3, 3]), gradient size: torch.Size([512, 512, 3, 3])
module.layers.22.bias: torch.Size([512]), gradient size: torch.Size([512])
module.layers.23.weight: torch.Size([512]), gradient size: torch.Size([512])
module.layers.23.bias: torch.Size([512]), gradient size: torch.Size([512])
module.layers.25.weight: torch.Size([512, 512, 3, 3]), gradient size: torch.Size([512, 512, 3, 3])
module.layers.25.bias: torch.Size([512]), gradient size: torch.Size([512])
module.layers.26.weight: torch.Size([512]), gradient size: torch.Size([512])
module.layers.26.bias: torch.Size([512]), gradient size: torch.Size([512])
module.fc1.weight: torch.Size([10, 512]), gradient size: torch.Size([10, 512])
module.fc1.bias: torch.Size([10]), gradient size: torch.Size([10])
[,   160] loss: 11.734 time: 112.337
module.layers.0.weight: torch.Size([64, 3, 3, 3]), gradient size: torch.Size([64, 3, 3, 3])
module.layers.0.bias: torch.Size([64]), gradient size: torch.Size([64])
module.layers.1.weight: torch.Size([64]), gradient size: torch.Size([64])
module.layers.1.bias: torch.Size([64]), gradient size: torch.Size([64])
module.layers.4.weight: torch.Size([128, 64, 3, 3]), gradient size: torch.Size([128, 64, 3, 3])
module.layers.4.bias: torch.Size([128]), gradient size: torch.Size([128])
module.layers.5.weight: torch.Size([128]), gradient size: torch.Size([128])
module.layers.5.bias: torch.Size([128]), gradient size: torch.Size([128])
module.layers.8.weight: torch.Size([256, 128, 3, 3]), gradient size: torch.Size([256, 128, 3, 3])
module.layers.8.bias: torch.Size([256]), gradient size: torch.Size([256])
module.layers.9.weight: torch.Size([256]), gradient size: torch.Size([256])
module.layers.9.bias: torch.Size([256]), gradient size: torch.Size([256])
module.layers.11.weight: torch.Size([256, 256, 3, 3]), gradient size: torch.Size([256, 256, 3, 3])
module.layers.11.bias: torch.Size([256]), gradient size: torch.Size([256])
module.layers.12.weight: torch.Size([256]), gradient size: torch.Size([256])
module.layers.12.bias: torch.Size([256]), gradient size: torch.Size([256])
module.layers.15.weight: torch.Size([512, 256, 3, 3]), gradient size: torch.Size([512, 256, 3, 3])
module.layers.15.bias: torch.Size([512]), gradient size: torch.Size([512])
module.layers.16.weight: torch.Size([512]), gradient size: torch.Size([512])
module.layers.16.bias: torch.Size([512]), gradient size: torch.Size([512])
module.layers.18.weight: torch.Size([512, 512, 3, 3]), gradient size: torch.Size([512, 512, 3, 3])
module.layers.18.bias: torch.Size([512]), gradient size: torch.Size([512])
module.layers.19.weight: torch.Size([512]), gradient size: torch.Size([512])
module.layers.19.bias: torch.Size([512]), gradient size: torch.Size([512])
module.layers.22.weight: torch.Size([512, 512, 3, 3]), gradient size: torch.Size([512, 512, 3, 3])
module.layers.22.bias: torch.Size([512]), gradient size: torch.Size([512])
module.layers.23.weight: torch.Size([512]), gradient size: torch.Size([512])
module.layers.23.bias: torch.Size([512]), gradient size: torch.Size([512])
module.layers.25.weight: torch.Size([512, 512, 3, 3]), gradient size: torch.Size([512, 512, 3, 3])
module.layers.25.bias: torch.Size([512]), gradient size: torch.Size([512])
module.layers.26.weight: torch.Size([512]), gradient size: torch.Size([512])
module.layers.26.bias: torch.Size([512]), gradient size: torch.Size([512])
module.fc1.weight: torch.Size([10, 512]), gradient size: torch.Size([10, 512])
module.fc1.bias: torch.Size([10]), gradient size: torch.Size([10])
[,   196] loss: 15.285 time: 137.264
module.layers.0.weight: torch.Size([64, 3, 3, 3]), gradient size: torch.Size([64, 3, 3, 3])
module.layers.0.bias: torch.Size([64]), gradient size: torch.Size([64])
module.layers.1.weight: torch.Size([64]), gradient size: torch.Size([64])
module.layers.1.bias: torch.Size([64]), gradient size: torch.Size([64])
module.layers.4.weight: torch.Size([128, 64, 3, 3]), gradient size: torch.Size([128, 64, 3, 3])
module.layers.4.bias: torch.Size([128]), gradient size: torch.Size([128])
module.layers.5.weight: torch.Size([128]), gradient size: torch.Size([128])
module.layers.5.bias: torch.Size([128]), gradient size: torch.Size([128])
module.layers.8.weight: torch.Size([256, 128, 3, 3]), gradient size: torch.Size([256, 128, 3, 3])
module.layers.8.bias: torch.Size([256]), gradient size: torch.Size([256])
module.layers.9.weight: torch.Size([256]), gradient size: torch.Size([256])
module.layers.9.bias: torch.Size([256]), gradient size: torch.Size([256])
module.layers.11.weight: torch.Size([256, 256, 3, 3]), gradient size: torch.Size([256, 256, 3, 3])
module.layers.11.bias: torch.Size([256]), gradient size: torch.Size([256])
module.layers.12.weight: torch.Size([256]), gradient size: torch.Size([256])
module.layers.12.bias: torch.Size([256]), gradient size: torch.Size([256])
module.layers.15.weight: torch.Size([512, 256, 3, 3]), gradient size: torch.Size([512, 256, 3, 3])
module.layers.15.bias: torch.Size([512]), gradient size: torch.Size([512])
module.layers.16.weight: torch.Size([512]), gradient size: torch.Size([512])
module.layers.16.bias: torch.Size([512]), gradient size: torch.Size([512])
module.layers.18.weight: torch.Size([512, 512, 3, 3]), gradient size: torch.Size([512, 512, 3, 3])
module.layers.18.bias: torch.Size([512]), gradient size: torch.Size([512])
module.layers.19.weight: torch.Size([512]), gradient size: torch.Size([512])
module.layers.19.bias: torch.Size([512]), gradient size: torch.Size([512])
module.layers.22.weight: torch.Size([512, 512, 3, 3]), gradient size: torch.Size([512, 512, 3, 3])
module.layers.22.bias: torch.Size([512]), gradient size: torch.Size([512])
module.layers.23.weight: torch.Size([512]), gradient size: torch.Size([512])
module.layers.23.bias: torch.Size([512]), gradient size: torch.Size([512])
module.layers.25.weight: torch.Size([512, 512, 3, 3]), gradient size: torch.Size([512, 512, 3, 3])
module.layers.25.bias: torch.Size([512]), gradient size: torch.Size([512])
module.layers.26.weight: torch.Size([512]), gradient size: torch.Size([512])
module.layers.26.bias: torch.Size([512]), gradient size: torch.Size([512])
module.fc1.weight: torch.Size([10, 512]), gradient size: torch.Size([10, 512])
module.fc1.bias: torch.Size([10]), gradient size: torch.Size([10])
Test set: Average loss: 2.3145, Accuracy: 1404/10000 (14%)

